{"action":"docker_exec","command":"dockform plan","component":"dockercli","level":"info","msg":"docker_exec","resource":"version --format {{.Server.Version}}","resource_kind":"process","run_id":"4f7311cb9102","status":"started"}
{"action":"docker_exec","changed":true,"command":"dockform plan","component":"dockercli","duration_ms":948,"exit_code":0,"level":"info","msg":"docker_exec","resource":"version --format {{.Server.Version}}","run_id":"4f7311cb9102","status":"ok"}
{"action":"docker_exec","command":"dockform plan","component":"dockercli","level":"info","msg":"docker_exec","resource":"compose -f /Users/gustavocastro/workspace/DF/homelab/hetzner-one/paperless/docker-compose.yml config --format json","resource_kind":"process","run_id":"4f7311cb9102","status":"started"}
{"action":"docker_exec","changed":true,"command":"dockform plan","component":"dockercli","duration_ms":626,"exit_code":0,"level":"info","msg":"docker_exec","resource":"compose -f /Users/gustavocastro/workspace/DF/homelab/hetzner-one/paperless/docker-compose.yml config --format json","run_id":"4f7311cb9102","status":"ok"}
{"action":"plan_build","applications_desired":1,"command":"dockform plan","component":"planner","filesets_desired":0,"level":"info","msg":"plan_build","networks_desired":0,"resource":"homeserver","resource_kind":"plan","run_id":"4f7311cb9102","status":"started","volumes_desired":5}
{"action":"docker_exec","command":"dockform plan","component":"dockercli","level":"info","msg":"docker_exec","resource":"network ls --format {{.Name}} --filter label=io.dockform.identifier=homeserver","resource_kind":"process","run_id":"4f7311cb9102","status":"started"}
{"action":"docker_exec","command":"dockform plan","component":"dockercli","level":"info","msg":"docker_exec","resource":"volume ls --format {{.Name}} --filter label=io.dockform.identifier=homeserver","resource_kind":"process","run_id":"4f7311cb9102","status":"started"}
{"action":"docker_exec","changed":true,"command":"dockform plan","component":"dockercli","duration_ms":515,"exit_code":0,"level":"info","msg":"docker_exec","resource":"network ls --format {{.Name}} --filter label=io.dockform.identifier=homeserver","run_id":"4f7311cb9102","status":"ok"}
{"action":"docker_exec","changed":true,"command":"dockform plan","component":"dockercli","duration_ms":519,"exit_code":0,"level":"info","msg":"docker_exec","resource":"volume ls --format {{.Name}} --filter label=io.dockform.identifier=homeserver","run_id":"4f7311cb9102","status":"ok"}
{"action":"docker_exec","command":"dockform plan","component":"dockercli","level":"info","msg":"docker_exec","resource":"compose -f /Users/gustavocastro/workspace/DF/homelab/hetzner-one/paperless/docker-compose.yml config --format json","resource_kind":"process","run_id":"4f7311cb9102","status":"started"}
{"action":"docker_exec","changed":true,"command":"dockform plan","component":"dockercli","duration_ms":590,"exit_code":0,"level":"info","msg":"docker_exec","resource":"compose -f /Users/gustavocastro/workspace/DF/homelab/hetzner-one/paperless/docker-compose.yml config --format json","run_id":"4f7311cb9102","status":"ok"}
{"action":"docker_exec","command":"dockform plan","component":"dockercli","level":"info","msg":"docker_exec","resource":"compose -f /Users/gustavocastro/workspace/DF/homelab/hetzner-one/paperless/docker-compose.yml ps --format json","resource_kind":"process","run_id":"4f7311cb9102","status":"started"}
{"action":"docker_exec","changed":true,"command":"dockform plan","component":"dockercli","duration_ms":1220,"exit_code":0,"level":"info","msg":"docker_exec","resource":"compose -f /Users/gustavocastro/workspace/DF/homelab/hetzner-one/paperless/docker-compose.yml ps --format json","run_id":"4f7311cb9102","status":"ok"}
{"action":"docker_exec","command":"dockform plan","component":"dockercli","level":"info","msg":"docker_exec","resource":"compose -f /Users/gustavocastro/workspace/DF/homelab/hetzner-one/paperless/docker-compose.yml config","resource_kind":"process","run_id":"4f7311cb9102","status":"started"}
{"action":"docker_exec","command":"dockform plan","component":"dockercli","level":"info","msg":"docker_exec","resource":"compose -f /Users/gustavocastro/workspace/DF/homelab/hetzner-one/paperless/docker-compose.yml config","resource_kind":"process","run_id":"4f7311cb9102","status":"started"}
{"action":"docker_exec","command":"dockform plan","component":"dockercli","level":"info","msg":"docker_exec","resource":"compose -f /Users/gustavocastro/workspace/DF/homelab/hetzner-one/paperless/docker-compose.yml config","resource_kind":"process","run_id":"4f7311cb9102","status":"started"}
{"action":"docker_exec","changed":true,"command":"dockform plan","component":"dockercli","duration_ms":652,"exit_code":0,"level":"info","msg":"docker_exec","resource":"compose -f /Users/gustavocastro/workspace/DF/homelab/hetzner-one/paperless/docker-compose.yml config","run_id":"4f7311cb9102","status":"ok"}
{"action":"docker_exec","changed":true,"command":"dockform plan","component":"dockercli","duration_ms":652,"exit_code":0,"level":"info","msg":"docker_exec","resource":"compose -f /Users/gustavocastro/workspace/DF/homelab/hetzner-one/paperless/docker-compose.yml config","run_id":"4f7311cb9102","status":"ok"}
{"action":"docker_exec","command":"dockform plan","component":"dockercli","level":"info","msg":"docker_exec","resource":"compose -f /var/folders/5f/50_g9vn53673n_ztd41x87_w0000gn/T/dockform-labeled-project-1951205794.yml config --hash paperless-ngx","resource_kind":"process","run_id":"4f7311cb9102","status":"started"}
{"action":"docker_exec","command":"dockform plan","component":"dockercli","level":"info","msg":"docker_exec","resource":"compose -f /var/folders/5f/50_g9vn53673n_ztd41x87_w0000gn/T/dockform-labeled-project-2458497979.yml config --hash paperless-redis","resource_kind":"process","run_id":"4f7311cb9102","status":"started"}
{"action":"docker_exec","changed":true,"command":"dockform plan","component":"dockercli","duration_ms":671,"exit_code":0,"level":"info","msg":"docker_exec","resource":"compose -f /Users/gustavocastro/workspace/DF/homelab/hetzner-one/paperless/docker-compose.yml config","run_id":"4f7311cb9102","status":"ok"}
{"action":"docker_exec","command":"dockform plan","component":"dockercli","level":"info","msg":"docker_exec","resource":"compose -f /var/folders/5f/50_g9vn53673n_ztd41x87_w0000gn/T/dockform-labeled-project-360650985.yml config --hash paperless-backup","resource_kind":"process","run_id":"4f7311cb9102","status":"started"}
{"action":"docker_exec","changed":true,"command":"dockform plan","component":"dockercli","duration_ms":623,"exit_code":0,"level":"info","msg":"docker_exec","resource":"compose -f /var/folders/5f/50_g9vn53673n_ztd41x87_w0000gn/T/dockform-labeled-project-2458497979.yml config --hash paperless-redis","run_id":"4f7311cb9102","status":"ok"}
{"action":"docker_exec","command":"dockform plan","component":"dockercli","level":"info","msg":"docker_exec","resource":"inspect -f {{json .Config.Labels}} paperless-redis","resource_kind":"process","run_id":"4f7311cb9102","status":"started"}
{"action":"docker_exec","changed":true,"command":"dockform plan","component":"dockercli","duration_ms":629,"exit_code":0,"level":"info","msg":"docker_exec","resource":"compose -f /var/folders/5f/50_g9vn53673n_ztd41x87_w0000gn/T/dockform-labeled-project-360650985.yml config --hash paperless-backup","run_id":"4f7311cb9102","status":"ok"}
{"action":"docker_exec","command":"dockform plan","component":"dockercli","level":"info","msg":"docker_exec","resource":"inspect -f {{json .Config.Labels}} paperless-backup","resource_kind":"process","run_id":"4f7311cb9102","status":"started"}
{"action":"docker_exec","changed":true,"command":"dockform plan","component":"dockercli","duration_ms":845,"exit_code":0,"level":"info","msg":"docker_exec","resource":"compose -f /var/folders/5f/50_g9vn53673n_ztd41x87_w0000gn/T/dockform-labeled-project-1951205794.yml config --hash paperless-ngx","run_id":"4f7311cb9102","status":"ok"}
{"action":"docker_exec","command":"dockform plan","component":"dockercli","level":"info","msg":"docker_exec","resource":"inspect -f {{json .Config.Labels}} paperless-ngx","resource_kind":"process","run_id":"4f7311cb9102","status":"started"}
{"action":"docker_exec","changed":true,"command":"dockform plan","component":"dockercli","duration_ms":538,"exit_code":0,"level":"info","msg":"docker_exec","resource":"inspect -f {{json .Config.Labels}} paperless-redis","run_id":"4f7311cb9102","status":"ok"}
{"action":"docker_exec","changed":true,"command":"dockform plan","component":"dockercli","duration_ms":522,"exit_code":0,"level":"info","msg":"docker_exec","resource":"inspect -f {{json .Config.Labels}} paperless-backup","run_id":"4f7311cb9102","status":"ok"}
{"action":"docker_exec","changed":true,"command":"dockform plan","component":"dockercli","duration_ms":521,"exit_code":0,"level":"info","msg":"docker_exec","resource":"inspect -f {{json .Config.Labels}} paperless-ngx","run_id":"4f7311cb9102","status":"ok"}
{"action":"docker_exec","command":"dockform plan","component":"dockercli","level":"info","msg":"docker_exec","resource":"compose -f /Users/gustavocastro/workspace/DF/homelab/hetzner-one/paperless/docker-compose.yml config --format json","resource_kind":"process","run_id":"4f7311cb9102","status":"started"}
{"action":"docker_exec","changed":true,"command":"dockform plan","component":"dockercli","duration_ms":621,"exit_code":0,"level":"info","msg":"docker_exec","resource":"compose -f /Users/gustavocastro/workspace/DF/homelab/hetzner-one/paperless/docker-compose.yml config --format json","run_id":"4f7311cb9102","status":"ok"}
{"action":"docker_exec","command":"dockform plan","component":"dockercli","level":"info","msg":"docker_exec","resource":"compose -f /Users/gustavocastro/workspace/DF/homelab/hetzner-one/paperless/docker-compose.yml ps --format json","resource_kind":"process","run_id":"4f7311cb9102","status":"started"}
{"action":"docker_exec","changed":true,"command":"dockform plan","component":"dockercli","duration_ms":1146,"exit_code":0,"level":"info","msg":"docker_exec","resource":"compose -f /Users/gustavocastro/workspace/DF/homelab/hetzner-one/paperless/docker-compose.yml ps --format json","run_id":"4f7311cb9102","status":"ok"}
{"action":"docker_exec","command":"dockform plan","component":"dockercli","level":"info","msg":"docker_exec","resource":"compose -f /Users/gustavocastro/workspace/DF/homelab/hetzner-one/paperless/docker-compose.yml config","resource_kind":"process","run_id":"4f7311cb9102","status":"started"}
{"action":"docker_exec","command":"dockform plan","component":"dockercli","level":"info","msg":"docker_exec","resource":"compose -f /Users/gustavocastro/workspace/DF/homelab/hetzner-one/paperless/docker-compose.yml config","resource_kind":"process","run_id":"4f7311cb9102","status":"started"}
{"action":"docker_exec","command":"dockform plan","component":"dockercli","level":"info","msg":"docker_exec","resource":"compose -f /Users/gustavocastro/workspace/DF/homelab/hetzner-one/paperless/docker-compose.yml config","resource_kind":"process","run_id":"4f7311cb9102","status":"started"}
{"action":"docker_exec","changed":true,"command":"dockform plan","component":"dockercli","duration_ms":621,"exit_code":0,"level":"info","msg":"docker_exec","resource":"compose -f /Users/gustavocastro/workspace/DF/homelab/hetzner-one/paperless/docker-compose.yml config","run_id":"4f7311cb9102","status":"ok"}
{"action":"docker_exec","command":"dockform plan","component":"dockercli","level":"info","msg":"docker_exec","resource":"compose -f /var/folders/5f/50_g9vn53673n_ztd41x87_w0000gn/T/dockform-labeled-project-547087803.yml config --hash paperless-ngx","resource_kind":"process","run_id":"4f7311cb9102","status":"started"}
{"action":"docker_exec","changed":true,"command":"dockform plan","component":"dockercli","duration_ms":636,"exit_code":0,"level":"info","msg":"docker_exec","resource":"compose -f /Users/gustavocastro/workspace/DF/homelab/hetzner-one/paperless/docker-compose.yml config","run_id":"4f7311cb9102","status":"ok"}
{"action":"docker_exec","changed":true,"command":"dockform plan","component":"dockercli","duration_ms":637,"exit_code":0,"level":"info","msg":"docker_exec","resource":"compose -f /Users/gustavocastro/workspace/DF/homelab/hetzner-one/paperless/docker-compose.yml config","run_id":"4f7311cb9102","status":"ok"}
{"action":"docker_exec","command":"dockform plan","component":"dockercli","level":"info","msg":"docker_exec","resource":"compose -f /var/folders/5f/50_g9vn53673n_ztd41x87_w0000gn/T/dockform-labeled-project-4201346770.yml config --hash paperless-redis","resource_kind":"process","run_id":"4f7311cb9102","status":"started"}
{"action":"docker_exec","command":"dockform plan","component":"dockercli","level":"info","msg":"docker_exec","resource":"compose -f /var/folders/5f/50_g9vn53673n_ztd41x87_w0000gn/T/dockform-labeled-project-3005134352.yml config --hash paperless-backup","resource_kind":"process","run_id":"4f7311cb9102","status":"started"}
{"action":"docker_exec","changed":true,"command":"dockform plan","component":"dockercli","duration_ms":664,"exit_code":0,"level":"info","msg":"docker_exec","resource":"compose -f /var/folders/5f/50_g9vn53673n_ztd41x87_w0000gn/T/dockform-labeled-project-3005134352.yml config --hash paperless-backup","run_id":"4f7311cb9102","status":"ok"}
{"action":"docker_exec","changed":true,"command":"dockform plan","component":"dockercli","duration_ms":679,"exit_code":0,"level":"info","msg":"docker_exec","resource":"compose -f /var/folders/5f/50_g9vn53673n_ztd41x87_w0000gn/T/dockform-labeled-project-547087803.yml config --hash paperless-ngx","run_id":"4f7311cb9102","status":"ok"}
{"action":"docker_exec","changed":true,"command":"dockform plan","component":"dockercli","duration_ms":664,"exit_code":0,"level":"info","msg":"docker_exec","resource":"compose -f /var/folders/5f/50_g9vn53673n_ztd41x87_w0000gn/T/dockform-labeled-project-4201346770.yml config --hash paperless-redis","run_id":"4f7311cb9102","status":"ok"}
{"action":"docker_exec","command":"dockform plan","component":"dockercli","level":"info","msg":"docker_exec","resource":"inspect -f {{json .Config.Labels}} paperless-redis","resource_kind":"process","run_id":"4f7311cb9102","status":"started"}
{"action":"docker_exec","command":"dockform plan","component":"dockercli","level":"info","msg":"docker_exec","resource":"inspect -f {{json .Config.Labels}} paperless-backup","resource_kind":"process","run_id":"4f7311cb9102","status":"started"}
{"action":"docker_exec","command":"dockform plan","component":"dockercli","level":"info","msg":"docker_exec","resource":"inspect -f {{json .Config.Labels}} paperless-ngx","resource_kind":"process","run_id":"4f7311cb9102","status":"started"}
{"action":"docker_exec","changed":true,"command":"dockform plan","component":"dockercli","duration_ms":498,"exit_code":0,"level":"info","msg":"docker_exec","resource":"inspect -f {{json .Config.Labels}} paperless-redis","run_id":"4f7311cb9102","status":"ok"}
{"action":"docker_exec","changed":true,"command":"dockform plan","component":"dockercli","duration_ms":527,"exit_code":0,"level":"info","msg":"docker_exec","resource":"inspect -f {{json .Config.Labels}} paperless-backup","run_id":"4f7311cb9102","status":"ok"}
{"action":"docker_exec","changed":true,"command":"dockform plan","component":"dockercli","duration_ms":551,"exit_code":0,"level":"info","msg":"docker_exec","resource":"inspect -f {{json .Config.Labels}} paperless-ngx","run_id":"4f7311cb9102","status":"ok"}
{"action":"docker_exec","command":"dockform plan","component":"dockercli","level":"info","msg":"docker_exec","resource":"ps -a --format {{.Label \"com.docker.compose.project\"}};{{.Label \"com.docker.compose.service\"}};{{.Names}} --filter label=io.dockform.identifier=homeserver","resource_kind":"process","run_id":"4f7311cb9102","status":"started"}
{"action":"docker_exec","changed":true,"command":"dockform plan","component":"dockercli","duration_ms":508,"exit_code":0,"level":"info","msg":"docker_exec","resource":"ps -a --format {{.Label \"com.docker.compose.project\"}};{{.Label \"com.docker.compose.service\"}};{{.Names}} --filter label=io.dockform.identifier=homeserver","run_id":"4f7311cb9102","status":"ok"}
{"action":"plan_build","changed":false,"changes_create":0,"changes_delete":0,"changes_total":0,"changes_update":0,"command":"dockform plan","component":"planner","duration_ms":8638,"level":"info","msg":"plan_build","networks_existing":0,"resource":"homeserver","run_id":"4f7311cb9102","status":"ok","volumes_existing":5}
{"action":"docker_exec","command":"dockform plan","component":"dockercli","level":"info","msg":"docker_exec","resource":"version --format {{.Server.Version}}","resource_kind":"process","run_id":"117501631920","status":"started"}
{"action":"docker_exec","changed":true,"command":"dockform plan","component":"dockercli","duration_ms":1105,"exit_code":0,"level":"info","msg":"docker_exec","resource":"version --format {{.Server.Version}}","run_id":"117501631920","status":"ok"}
{"action":"docker_exec","command":"dockform plan","component":"dockercli","level":"info","msg":"docker_exec","resource":"compose -f /Users/gustavocastro/workspace/DF/homelab/hetzner-one/paperless/docker-compose.yml config --format json","resource_kind":"process","run_id":"117501631920","status":"started"}
{"action":"docker_exec","changed":true,"command":"dockform plan","component":"dockercli","duration_ms":664,"exit_code":0,"level":"info","msg":"docker_exec","resource":"compose -f /Users/gustavocastro/workspace/DF/homelab/hetzner-one/paperless/docker-compose.yml config --format json","run_id":"117501631920","status":"ok"}
{"action":"plan_build","applications_desired":1,"command":"dockform plan","component":"planner","filesets_desired":0,"level":"info","msg":"plan_build","networks_desired":0,"resource":"homeserver","resource_kind":"plan","run_id":"117501631920","status":"started","volumes_desired":5}
{"action":"docker_exec","command":"dockform plan","component":"dockercli","level":"info","msg":"docker_exec","resource":"network ls --format {{.Name}} --filter label=io.dockform.identifier=homeserver","resource_kind":"process","run_id":"117501631920","status":"started"}
{"action":"docker_exec","command":"dockform plan","component":"dockercli","level":"info","msg":"docker_exec","resource":"volume ls --format {{.Name}} --filter label=io.dockform.identifier=homeserver","resource_kind":"process","run_id":"117501631920","status":"started"}
{"action":"docker_exec","changed":true,"command":"dockform plan","component":"dockercli","duration_ms":528,"exit_code":0,"level":"info","msg":"docker_exec","resource":"network ls --format {{.Name}} --filter label=io.dockform.identifier=homeserver","run_id":"117501631920","status":"ok"}
{"action":"docker_exec","changed":true,"command":"dockform plan","component":"dockercli","duration_ms":529,"exit_code":0,"level":"info","msg":"docker_exec","resource":"volume ls --format {{.Name}} --filter label=io.dockform.identifier=homeserver","run_id":"117501631920","status":"ok"}
{"action":"docker_exec","command":"dockform plan","component":"dockercli","level":"info","msg":"docker_exec","resource":"compose -f /Users/gustavocastro/workspace/DF/homelab/hetzner-one/paperless/docker-compose.yml config --format json","resource_kind":"process","run_id":"117501631920","status":"started"}
{"action":"docker_exec","changed":true,"command":"dockform plan","component":"dockercli","duration_ms":586,"exit_code":0,"level":"info","msg":"docker_exec","resource":"compose -f /Users/gustavocastro/workspace/DF/homelab/hetzner-one/paperless/docker-compose.yml config --format json","run_id":"117501631920","status":"ok"}
{"action":"docker_exec","command":"dockform plan","component":"dockercli","level":"info","msg":"docker_exec","resource":"compose -f /Users/gustavocastro/workspace/DF/homelab/hetzner-one/paperless/docker-compose.yml ps --format json","resource_kind":"process","run_id":"117501631920","status":"started"}
{"action":"docker_exec","changed":true,"command":"dockform plan","component":"dockercli","duration_ms":1126,"exit_code":0,"level":"info","msg":"docker_exec","resource":"compose -f /Users/gustavocastro/workspace/DF/homelab/hetzner-one/paperless/docker-compose.yml ps --format json","run_id":"117501631920","status":"ok"}
{"action":"docker_exec","command":"dockform plan","component":"dockercli","level":"info","msg":"docker_exec","resource":"compose -f /Users/gustavocastro/workspace/DF/homelab/hetzner-one/paperless/docker-compose.yml config","resource_kind":"process","run_id":"117501631920","status":"started"}
{"action":"docker_exec","command":"dockform plan","component":"dockercli","level":"info","msg":"docker_exec","resource":"compose -f /Users/gustavocastro/workspace/DF/homelab/hetzner-one/paperless/docker-compose.yml config","resource_kind":"process","run_id":"117501631920","status":"started"}
{"action":"docker_exec","command":"dockform plan","component":"dockercli","level":"info","msg":"docker_exec","resource":"compose -f /Users/gustavocastro/workspace/DF/homelab/hetzner-one/paperless/docker-compose.yml config","resource_kind":"process","run_id":"117501631920","status":"started"}
{"action":"docker_exec","changed":true,"command":"dockform plan","component":"dockercli","duration_ms":690,"exit_code":0,"level":"info","msg":"docker_exec","resource":"compose -f /Users/gustavocastro/workspace/DF/homelab/hetzner-one/paperless/docker-compose.yml config","run_id":"117501631920","status":"ok"}
{"action":"docker_exec","changed":true,"command":"dockform plan","component":"dockercli","duration_ms":690,"exit_code":0,"level":"info","msg":"docker_exec","resource":"compose -f /Users/gustavocastro/workspace/DF/homelab/hetzner-one/paperless/docker-compose.yml config","run_id":"117501631920","status":"ok"}
{"action":"docker_exec","changed":true,"command":"dockform plan","component":"dockercli","duration_ms":690,"exit_code":0,"level":"info","msg":"docker_exec","resource":"compose -f /Users/gustavocastro/workspace/DF/homelab/hetzner-one/paperless/docker-compose.yml config","run_id":"117501631920","status":"ok"}
{"action":"docker_exec","command":"dockform plan","component":"dockercli","level":"info","msg":"docker_exec","resource":"compose -f /var/folders/5f/50_g9vn53673n_ztd41x87_w0000gn/T/dockform-labeled-project-2744488877.yml config --hash paperless-redis","resource_kind":"process","run_id":"117501631920","status":"started"}
{"action":"docker_exec","command":"dockform plan","component":"dockercli","level":"info","msg":"docker_exec","resource":"compose -f /var/folders/5f/50_g9vn53673n_ztd41x87_w0000gn/T/dockform-labeled-project-4138527795.yml config --hash paperless-backup","resource_kind":"process","run_id":"117501631920","status":"started"}
{"action":"docker_exec","command":"dockform plan","component":"dockercli","level":"info","msg":"docker_exec","resource":"compose -f /var/folders/5f/50_g9vn53673n_ztd41x87_w0000gn/T/dockform-labeled-project-3558915384.yml config --hash paperless-ngx","resource_kind":"process","run_id":"117501631920","status":"started"}
{"action":"docker_exec","changed":true,"command":"dockform plan","component":"dockercli","duration_ms":662,"exit_code":0,"level":"info","msg":"docker_exec","resource":"compose -f /var/folders/5f/50_g9vn53673n_ztd41x87_w0000gn/T/dockform-labeled-project-3558915384.yml config --hash paperless-ngx","run_id":"117501631920","status":"ok"}
{"action":"docker_exec","changed":true,"command":"dockform plan","component":"dockercli","duration_ms":662,"exit_code":0,"level":"info","msg":"docker_exec","resource":"compose -f /var/folders/5f/50_g9vn53673n_ztd41x87_w0000gn/T/dockform-labeled-project-4138527795.yml config --hash paperless-backup","run_id":"117501631920","status":"ok"}
{"action":"docker_exec","changed":true,"command":"dockform plan","component":"dockercli","duration_ms":662,"exit_code":0,"level":"info","msg":"docker_exec","resource":"compose -f /var/folders/5f/50_g9vn53673n_ztd41x87_w0000gn/T/dockform-labeled-project-2744488877.yml config --hash paperless-redis","run_id":"117501631920","status":"ok"}
{"action":"docker_exec","command":"dockform plan","component":"dockercli","level":"info","msg":"docker_exec","resource":"inspect -f {{json .Config.Labels}} paperless-backup","resource_kind":"process","run_id":"117501631920","status":"started"}
{"action":"docker_exec","command":"dockform plan","component":"dockercli","level":"info","msg":"docker_exec","resource":"inspect -f {{json .Config.Labels}} paperless-redis","resource_kind":"process","run_id":"117501631920","status":"started"}
{"action":"docker_exec","command":"dockform plan","component":"dockercli","level":"info","msg":"docker_exec","resource":"inspect -f {{json .Config.Labels}} paperless-ngx","resource_kind":"process","run_id":"117501631920","status":"started"}
{"action":"docker_exec","changed":true,"command":"dockform plan","component":"dockercli","duration_ms":567,"exit_code":0,"level":"info","msg":"docker_exec","resource":"inspect -f {{json .Config.Labels}} paperless-backup","run_id":"117501631920","status":"ok"}
{"action":"docker_exec","changed":true,"command":"dockform plan","component":"dockercli","duration_ms":567,"exit_code":0,"level":"info","msg":"docker_exec","resource":"inspect -f {{json .Config.Labels}} paperless-redis","run_id":"117501631920","status":"ok"}
{"action":"docker_exec","changed":true,"command":"dockform plan","component":"dockercli","duration_ms":570,"exit_code":0,"level":"info","msg":"docker_exec","resource":"inspect -f {{json .Config.Labels}} paperless-ngx","run_id":"117501631920","status":"ok"}
{"action":"docker_exec","command":"dockform plan","component":"dockercli","level":"info","msg":"docker_exec","resource":"compose -f /Users/gustavocastro/workspace/DF/homelab/hetzner-one/paperless/docker-compose.yml config --format json","resource_kind":"process","run_id":"117501631920","status":"started"}
{"action":"docker_exec","changed":true,"command":"dockform plan","component":"dockercli","duration_ms":610,"exit_code":0,"level":"info","msg":"docker_exec","resource":"compose -f /Users/gustavocastro/workspace/DF/homelab/hetzner-one/paperless/docker-compose.yml config --format json","run_id":"117501631920","status":"ok"}
{"action":"docker_exec","command":"dockform plan","component":"dockercli","level":"info","msg":"docker_exec","resource":"compose -f /Users/gustavocastro/workspace/DF/homelab/hetzner-one/paperless/docker-compose.yml ps --format json","resource_kind":"process","run_id":"117501631920","status":"started"}
{"action":"docker_exec","changed":true,"command":"dockform plan","component":"dockercli","duration_ms":1147,"exit_code":0,"level":"info","msg":"docker_exec","resource":"compose -f /Users/gustavocastro/workspace/DF/homelab/hetzner-one/paperless/docker-compose.yml ps --format json","run_id":"117501631920","status":"ok"}
{"action":"docker_exec","command":"dockform plan","component":"dockercli","level":"info","msg":"docker_exec","resource":"compose -f /Users/gustavocastro/workspace/DF/homelab/hetzner-one/paperless/docker-compose.yml config","resource_kind":"process","run_id":"117501631920","status":"started"}
{"action":"docker_exec","command":"dockform plan","component":"dockercli","level":"info","msg":"docker_exec","resource":"compose -f /Users/gustavocastro/workspace/DF/homelab/hetzner-one/paperless/docker-compose.yml config","resource_kind":"process","run_id":"117501631920","status":"started"}
{"action":"docker_exec","command":"dockform plan","component":"dockercli","level":"info","msg":"docker_exec","resource":"compose -f /Users/gustavocastro/workspace/DF/homelab/hetzner-one/paperless/docker-compose.yml config","resource_kind":"process","run_id":"117501631920","status":"started"}
{"action":"docker_exec","changed":true,"command":"dockform plan","component":"dockercli","duration_ms":625,"exit_code":0,"level":"info","msg":"docker_exec","resource":"compose -f /Users/gustavocastro/workspace/DF/homelab/hetzner-one/paperless/docker-compose.yml config","run_id":"117501631920","status":"ok"}
{"action":"docker_exec","changed":true,"command":"dockform plan","component":"dockercli","duration_ms":624,"exit_code":0,"level":"info","msg":"docker_exec","resource":"compose -f /Users/gustavocastro/workspace/DF/homelab/hetzner-one/paperless/docker-compose.yml config","run_id":"117501631920","status":"ok"}
{"action":"docker_exec","changed":true,"command":"dockform plan","component":"dockercli","duration_ms":624,"exit_code":0,"level":"info","msg":"docker_exec","resource":"compose -f /Users/gustavocastro/workspace/DF/homelab/hetzner-one/paperless/docker-compose.yml config","run_id":"117501631920","status":"ok"}
{"action":"docker_exec","command":"dockform plan","component":"dockercli","level":"info","msg":"docker_exec","resource":"compose -f /var/folders/5f/50_g9vn53673n_ztd41x87_w0000gn/T/dockform-labeled-project-29328290.yml config --hash paperless-redis","resource_kind":"process","run_id":"117501631920","status":"started"}
{"action":"docker_exec","command":"dockform plan","component":"dockercli","level":"info","msg":"docker_exec","resource":"compose -f /var/folders/5f/50_g9vn53673n_ztd41x87_w0000gn/T/dockform-labeled-project-1684217391.yml config --hash paperless-ngx","resource_kind":"process","run_id":"117501631920","status":"started"}
{"action":"docker_exec","command":"dockform plan","component":"dockercli","level":"info","msg":"docker_exec","resource":"compose -f /var/folders/5f/50_g9vn53673n_ztd41x87_w0000gn/T/dockform-labeled-project-4007800123.yml config --hash paperless-backup","resource_kind":"process","run_id":"117501631920","status":"started"}
{"action":"docker_exec","changed":true,"command":"dockform plan","component":"dockercli","duration_ms":606,"exit_code":0,"level":"info","msg":"docker_exec","resource":"compose -f /var/folders/5f/50_g9vn53673n_ztd41x87_w0000gn/T/dockform-labeled-project-4007800123.yml config --hash paperless-backup","run_id":"117501631920","status":"ok"}
{"action":"docker_exec","command":"dockform plan","component":"dockercli","level":"info","msg":"docker_exec","resource":"inspect -f {{json .Config.Labels}} paperless-backup","resource_kind":"process","run_id":"117501631920","status":"started"}
{"action":"docker_exec","changed":true,"command":"dockform plan","component":"dockercli","duration_ms":650,"exit_code":0,"level":"info","msg":"docker_exec","resource":"compose -f /var/folders/5f/50_g9vn53673n_ztd41x87_w0000gn/T/dockform-labeled-project-1684217391.yml config --hash paperless-ngx","run_id":"117501631920","status":"ok"}
{"action":"docker_exec","changed":true,"command":"dockform plan","component":"dockercli","duration_ms":650,"exit_code":0,"level":"info","msg":"docker_exec","resource":"compose -f /var/folders/5f/50_g9vn53673n_ztd41x87_w0000gn/T/dockform-labeled-project-29328290.yml config --hash paperless-redis","run_id":"117501631920","status":"ok"}
{"action":"docker_exec","command":"dockform plan","component":"dockercli","level":"info","msg":"docker_exec","resource":"inspect -f {{json .Config.Labels}} paperless-ngx","resource_kind":"process","run_id":"117501631920","status":"started"}
{"action":"docker_exec","command":"dockform plan","component":"dockercli","level":"info","msg":"docker_exec","resource":"inspect -f {{json .Config.Labels}} paperless-redis","resource_kind":"process","run_id":"117501631920","status":"started"}
{"action":"docker_exec","changed":true,"command":"dockform plan","component":"dockercli","duration_ms":507,"exit_code":0,"level":"info","msg":"docker_exec","resource":"inspect -f {{json .Config.Labels}} paperless-backup","run_id":"117501631920","status":"ok"}
{"action":"docker_exec","changed":true,"command":"dockform plan","component":"dockercli","duration_ms":520,"exit_code":0,"level":"info","msg":"docker_exec","resource":"inspect -f {{json .Config.Labels}} paperless-redis","run_id":"117501631920","status":"ok"}
{"action":"docker_exec","changed":true,"command":"dockform plan","component":"dockercli","duration_ms":538,"exit_code":0,"level":"info","msg":"docker_exec","resource":"inspect -f {{json .Config.Labels}} paperless-ngx","run_id":"117501631920","status":"ok"}
{"action":"docker_exec","command":"dockform plan","component":"dockercli","level":"info","msg":"docker_exec","resource":"ps -a --format {{.Label \"com.docker.compose.project\"}};{{.Label \"com.docker.compose.service\"}};{{.Names}} --filter label=io.dockform.identifier=homeserver","resource_kind":"process","run_id":"117501631920","status":"started"}
{"action":"docker_exec","changed":true,"command":"dockform plan","component":"dockercli","duration_ms":525,"exit_code":0,"level":"info","msg":"docker_exec","resource":"ps -a --format {{.Label \"com.docker.compose.project\"}};{{.Label \"com.docker.compose.service\"}};{{.Names}} --filter label=io.dockform.identifier=homeserver","run_id":"117501631920","status":"ok"}
{"action":"plan_build","changed":false,"changes_create":0,"changes_delete":0,"changes_total":0,"changes_update":0,"command":"dockform plan","component":"planner","duration_ms":8425,"level":"info","msg":"plan_build","networks_existing":0,"resource":"homeserver","run_id":"117501631920","status":"ok","volumes_existing":5}
